<?xml version="1.0" encoding="UTF-8"?>
<testsuite name="com.example.project.TestHello" tests="1" skipped="0" failures="0" errors="0" timestamp="2024-01-18T19:51:11" hostname="wl-172-190.wireless.umt.edu" time="0.007">
  <properties/>
  <testcase name="testHelloWorld()" classname="com.example.project.TestHello" time="0.007"/>
  <system-out><![CDATA[]]></system-out>
  <system-err><![CDATA[]]></system-err>
</testsuite>
